[debug] [2020-06-11T10:21:46.023Z] ----------------------------------------------------------------------
[debug] [2020-06-11T10:21:46.025Z] Command:       C:\Program Files\nodejs\node.exe C:\Users\PRANJAL\AppData\Roaming\npm\node_modules\firebase-tools\lib\bin\firebase.js serve
[debug] [2020-06-11T10:21:46.025Z] CLI Version:   8.4.2
[debug] [2020-06-11T10:21:46.025Z] Platform:      win32
[debug] [2020-06-11T10:21:46.025Z] Node Version:  v14.3.0
[debug] [2020-06-11T10:21:46.026Z] Time:          Thu Jun 11 2020 15:51:46 GMT+0530 (India Standard Time)
[debug] [2020-06-11T10:21:46.026Z] ----------------------------------------------------------------------
[debug] [2020-06-11T10:21:46.026Z] 
[debug] [2020-06-11T10:21:46.032Z] > command requires scopes: ["email","openid","https://www.googleapis.com/auth/cloudplatformprojects.readonly","https://www.googleapis.com/auth/firebase","https://www.googleapis.com/auth/cloud-platform"]
[debug] [2020-06-11T10:21:46.033Z] > authorizing via signed-in user
[debug] [2020-06-11T10:21:46.033Z] [iam] checking project fknews-761ff for permissions ["firebase.projects.get"]
[debug] [2020-06-11T10:21:46.035Z] >>> HTTP REQUEST POST https://cloudresourcemanager.googleapis.com/v1/projects/fknews-761ff:testIamPermissions  
 {"permissions":["firebase.projects.get"]}
[debug] [2020-06-11T10:21:47.617Z] <<< HTTP RESPONSE 200 {"content-type":"application/json; charset=UTF-8","vary":"X-Origin, Referer, Origin,Accept-Encoding","date":"Thu, 11 Jun 2020 10:21:48 GMT","server":"ESF","cache-control":"private","x-xss-protection":"0","x-frame-options":"SAMEORIGIN","x-content-type-options":"nosniff","server-timing":"gfet4t7; dur=1359","alt-svc":"h3-27=\":443\"; ma=2592000,h3-25=\":443\"; ma=2592000,h3-T050=\":443\"; ma=2592000,h3-Q050=\":443\"; ma=2592000,h3-Q049=\":443\"; ma=2592000,h3-Q048=\":443\"; ma=2592000,h3-Q046=\":443\"; ma=2592000,h3-Q043=\":443\"; ma=2592000,quic=\":443\"; ma=2592000; v=\"46,43\"","accept-ranges":"none","transfer-encoding":"chunked"}
[debug] [2020-06-11T10:21:47.619Z] >>> HTTP REQUEST GET https://firebase.googleapis.com/v1beta1/projects/fknews-761ff  
 
[debug] [2020-06-11T10:21:48.083Z] <<< HTTP RESPONSE 200 {"content-type":"application/json; charset=UTF-8","vary":"X-Origin, Referer, Origin,Accept-Encoding","date":"Thu, 11 Jun 2020 10:21:48 GMT","server":"ESF","cache-control":"private","x-xss-protection":"0","x-frame-options":"SAMEORIGIN","x-content-type-options":"nosniff","alt-svc":"h3-27=\":443\"; ma=2592000,h3-25=\":443\"; ma=2592000,h3-T050=\":443\"; ma=2592000,h3-Q050=\":443\"; ma=2592000,h3-Q049=\":443\"; ma=2592000,h3-Q048=\":443\"; ma=2592000,h3-Q046=\":443\"; ma=2592000,h3-Q043=\":443\"; ma=2592000,quic=\":443\"; ma=2592000; v=\"46,43\"","accept-ranges":"none","transfer-encoding":"chunked"}
[info] 
[info] === Serving from 'C:\Users\PRANJAL\Desktop\FK_App\NEWS_FK\news_fk'...
[info] 
[debug] [2020-06-11T10:21:48.086Z] >>> HTTP REQUEST GET https://firebase.googleapis.com/v1beta1/projects/fknews-761ff/webApps/-/config  
 
[debug] [2020-06-11T10:21:49.101Z] <<< HTTP RESPONSE 200 {"content-type":"application/json; charset=UTF-8","vary":"X-Origin, Referer, Origin,Accept-Encoding","date":"Thu, 11 Jun 2020 10:21:49 GMT","server":"ESF","cache-control":"private","x-xss-protection":"0","x-frame-options":"SAMEORIGIN","x-content-type-options":"nosniff","alt-svc":"h3-27=\":443\"; ma=2592000,h3-25=\":443\"; ma=2592000,h3-T050=\":443\"; ma=2592000,h3-Q050=\":443\"; ma=2592000,h3-Q049=\":443\"; ma=2592000,h3-Q048=\":443\"; ma=2592000,h3-Q046=\":443\"; ma=2592000,h3-Q043=\":443\"; ma=2592000,quic=\":443\"; ma=2592000; v=\"46,43\"","accept-ranges":"none","transfer-encoding":"chunked"}
[info] i  hosting: Serving hosting files from: build {"metadata":{"emulator":{"name":"hosting"},"message":"Serving hosting files from: \u001b[1mbuild\u001b[22m"}}
[info] +  hosting: Local server: http://localhost:5000 {"metadata":{"emulator":{"name":"hosting"},"message":"Local server: \u001b[4m\u001b[1mhttp://localhost:5000\u001b[22m\u001b[24m"}}
